<?xml version="1.0" encoding="UTF-8"?>
<testng-results ignored="0" total="1" passed="1" failed="0" skipped="0">
  <reporter-output>
  </reporter-output>
  <suite started-at="2021-05-31T16:20:22 IST" name="Default suite" finished-at="2021-05-31T16:23:00 IST" duration-ms="158024">
    <groups>
    </groups>
    <test started-at="2021-05-31T16:20:22 IST" name="Default test" finished-at="2021-05-31T16:23:00 IST" duration-ms="158024">
      <class name="com.userstories.pratesting.testNGscripts.UserStoryTestNGTRunnerClass">
        <test-method signature="Test(java.util.Hashtable)[pri:0, instance:com.userstories.pratesting.testNGscripts.UserStoryTestNGTRunnerClass@7e9131d5]" started-at="2021-05-31T16:20:25 IST" name="Test" data-provider="datadriver" finished-at="2021-05-31T16:22:58 IST" duration-ms="153475" status="PASS">
          <params>
            <param index="0">
              <value>
                <![CDATA[{Name=User Story, StoryPoint=12.0, Target Closure Date=12-Jun-2021, Password=CogtSund@2, Risk Source=Backlog, Iterator=1.0, Risk Owner=Tamilselvan S (904250), Email=906689@cognizant.com}]]>
              </value>
            </param>
          </params>
          <reporter-output>
          </reporter-output>
        </test-method> <!-- Test -->
        <test-method is-config="true" signature="endReport()[pri:0, instance:com.userstories.pratesting.testNGscripts.UserStoryTestNGTRunnerClass@7e9131d5]" started-at="2021-05-31T16:22:58 IST" name="endReport" finished-at="2021-05-31T16:23:00 IST" duration-ms="1688" status="PASS">
          <reporter-output>
          </reporter-output>
        </test-method> <!-- endReport -->
      </class> <!-- com.userstories.pratesting.testNGscripts.UserStoryTestNGTRunnerClass -->
    </test> <!-- Default test -->
  </suite> <!-- Default suite -->
</testng-results>
